2021-02-27 00:49:00 info: (src/controllers/cart.js:9) [1]
2021-02-27 00:49:01 info: (src/middlewares/jwtAuth.js:115) decoded
2021-02-27 00:49:01 info: (src/middlewares/jwtAuth.js:129) user found
2021-02-27 00:49:01 info: (src/controllers/billing/checkStripeCustomer.js:9)
2021-02-27 00:49:30 info: (src/controllers/cart.js:9) [1]
2021-02-27 00:49:30 info: (src/middlewares/jwtAuth.js:115) decoded
2021-02-27 00:49:31 info: (src/middlewares/jwtAuth.js:129) user found
2021-02-27 00:49:31 info: (src/controllers/billing/checkStripeCustomer.js:9)
2021-02-27 00:54:18 info: (src/controllers/cart.js:9) [1]
2021-02-27 00:55:17 info: (src/controllers/cart.js:9) [1]
2021-02-27 00:55:18 info: (src/middlewares/jwtAuth.js:115) decoded
2021-02-27 00:55:18 info: (src/middlewares/jwtAuth.js:129) user found
2021-02-27 00:55:18 info: (src/controllers/billing/checkStripeCustomer.js:9)
2021-02-27 00:56:25 info: (src/controllers/cart.js:9) [1]
2021-02-27 00:56:26 info: (src/middlewares/jwtAuth.js:115) decoded
2021-02-27 00:56:26 info: (src/middlewares/jwtAuth.js:129) user found
2021-02-27 00:56:26 info: (src/controllers/billing/checkStripeCustomer.js:9)
2021-02-27 01:01:07 info: (src/controllers/cart.js:9) [1]
2021-02-27 01:01:07 info: (src/middlewares/jwtAuth.js:115) decoded
2021-02-27 01:01:07 info: (src/middlewares/jwtAuth.js:129) user found
2021-02-27 01:01:07 info: (src/controllers/billing/checkStripeCustomer.js:9)
2021-02-27 01:01:22 info: (src/controllers/cart.js:9) [1]
2021-02-27 01:01:22 info: (src/middlewares/jwtAuth.js:115) decoded
2021-02-27 01:01:23 info: (src/middlewares/jwtAuth.js:129) user found
2021-02-27 01:01:23 info: (src/controllers/billing/checkStripeCustomer.js:9)
2021-02-27 01:02:39 info: (src/controllers/cart.js:9) [1]
2021-02-27 01:02:39 info: (src/middlewares/jwtAuth.js:115) decoded
2021-02-27 01:02:39 info: (src/middlewares/jwtAuth.js:129) user found
2021-02-27 01:02:39 info: (src/controllers/address.js:9)
2021-02-27 01:02:39 error: (src/utils/agents.js:47) syntax error at or near ")"
2021-02-27 01:02:39 error: (src/utils/q.js:36) syntax error at or near ")"
2021-02-27 01:02:39 error: (src/controllers/address.js:19) {"length":90,"name":"error","severity":"ERROR","code":"42601","position":"65","file":"scan.l","line":"1149","routine":"scanner_yyerror"}
2021-02-27 01:02:39 info: (src/middlewares/jwtAuth.js:115) decoded
2021-02-27 01:02:39 info: (src/middlewares/jwtAuth.js:129) user found
2021-02-27 01:02:39 info: (src/controllers/billing/checkStripeCustomer.js:9)
2021-02-27 01:02:53 info: (src/controllers/cart.js:9) [1]
2021-02-27 01:02:53 info: (src/middlewares/jwtAuth.js:115) decoded
2021-02-27 01:02:54 info: (src/middlewares/jwtAuth.js:129) user found
2021-02-27 01:02:54 info: (src/controllers/address.js:9)
2021-02-27 01:02:54 error: (src/utils/agents.js:47) syntax error at or near ")"
2021-02-27 01:02:54 error: (src/utils/q.js:36) syntax error at or near ")"
2021-02-27 01:02:54 error: (src/controllers/address.js:19) {"length":90,"name":"error","severity":"ERROR","code":"42601","position":"65","file":"scan.l","line":"1149","routine":"scanner_yyerror"}
2021-02-27 01:02:54 info: (src/middlewares/jwtAuth.js:115) decoded
2021-02-27 01:02:54 info: (src/middlewares/jwtAuth.js:129) user found
2021-02-27 01:02:54 info: (src/controllers/billing/checkStripeCustomer.js:9)
2021-02-27 01:03:03 info: (src/controllers/cart.js:9) [1]
2021-02-27 01:03:03 info: (src/middlewares/jwtAuth.js:115) decoded
2021-02-27 01:03:03 info: (src/middlewares/jwtAuth.js:129) user found
2021-02-27 01:03:03 info: (src/controllers/address.js:9)
2021-02-27 01:03:03 error: (src/utils/agents.js:47) syntax error at or near ")"
2021-02-27 01:03:03 error: (src/utils/q.js:36) syntax error at or near ")"
2021-02-27 01:03:03 error: (src/controllers/address.js:19) {"length":90,"name":"error","severity":"ERROR","code":"42601","position":"65","file":"scan.l","line":"1149","routine":"scanner_yyerror"}
2021-02-27 01:03:03 info: (src/middlewares/jwtAuth.js:115) decoded
2021-02-27 01:03:03 info: (src/middlewares/jwtAuth.js:129) user found
2021-02-27 01:03:03 info: (src/controllers/billing/checkStripeCustomer.js:9)
2021-02-27 01:03:43 info: (src/controllers/cart.js:9) [1]
2021-02-27 01:03:43 info: (src/middlewares/jwtAuth.js:115) decoded
2021-02-27 01:03:43 info: (src/middlewares/jwtAuth.js:129) user found
2021-02-27 01:03:43 info: (src/controllers/address.js:9)
2021-02-27 01:03:43 error: (src/utils/agents.js:47) syntax error at or near ")"
2021-02-27 01:03:43 error: (src/utils/q.js:36) syntax error at or near ")"
2021-02-27 01:03:43 error: (src/controllers/address.js:19) {"length":90,"name":"error","severity":"ERROR","code":"42601","position":"65","file":"scan.l","line":"1149","routine":"scanner_yyerror"}
2021-02-27 01:03:43 info: (src/middlewares/jwtAuth.js:115) decoded
2021-02-27 01:03:43 info: (src/middlewares/jwtAuth.js:129) user found
2021-02-27 01:03:43 info: (src/controllers/billing/checkStripeCustomer.js:9)
2021-02-27 01:03:54 info: (src/middlewares/jwtAuth.js:115) decoded
2021-02-27 01:03:54 info: (src/controllers/cart.js:9) [1]
2021-02-27 01:03:54 info: (src/middlewares/jwtAuth.js:129) user found
2021-02-27 01:03:54 info: (src/controllers/address.js:9)
2021-02-27 01:03:54 info: (src/middlewares/jwtAuth.js:115) decoded
2021-02-27 01:03:54 info: (src/middlewares/jwtAuth.js:129) user found
2021-02-27 01:03:54 info: (src/controllers/billing/checkStripeCustomer.js:9)
2021-02-27 01:05:36 info: (src/middlewares/jwtAuth.js:115) decoded
2021-02-27 01:05:36 info: (src/controllers/cart.js:9) [1]
2021-02-27 01:05:36 info: (src/middlewares/jwtAuth.js:129) user found
2021-02-27 01:05:36 info: (src/controllers/address.js:9)
2021-02-27 01:05:36 info: (src/middlewares/jwtAuth.js:115) decoded
2021-02-27 01:05:36 info: (src/middlewares/jwtAuth.js:129) user found
2021-02-27 01:05:36 info: (src/controllers/billing/checkStripeCustomer.js:9)
2021-02-27 01:06:01 info: (src/middlewares/jwtAuth.js:115) decoded
2021-02-27 01:06:01 info: (src/middlewares/jwtAuth.js:129) user found
2021-02-27 01:06:01 info: (src/controllers/address.js:9)
2021-02-27 01:06:04 info: (src/middlewares/jwtAuth.js:115) decoded
2021-02-27 01:06:04 info: (src/controllers/cart.js:9) [1]
2021-02-27 01:06:04 info: (src/middlewares/jwtAuth.js:129) user found
2021-02-27 01:06:04 info: (src/controllers/address.js:9)
2021-02-27 01:06:05 info: (src/middlewares/jwtAuth.js:115) decoded
2021-02-27 01:06:05 info: (src/middlewares/jwtAuth.js:129) user found
2021-02-27 01:06:05 info: (src/controllers/billing/checkStripeCustomer.js:9)
2021-02-27 01:08:07 info: (src/middlewares/jwtAuth.js:115) decoded
2021-02-27 01:08:07 info: (src/middlewares/jwtAuth.js:129) user found
2021-02-27 01:08:07 info: (src/controllers/address.js:9)
2021-02-27 01:08:11 info: (src/middlewares/jwtAuth.js:115) decoded
2021-02-27 01:08:11 info: (src/controllers/cart.js:9) [1]
2021-02-27 01:08:11 info: (src/middlewares/jwtAuth.js:129) user found
2021-02-27 01:08:11 info: (src/controllers/address.js:9)
2021-02-27 01:08:11 info: (src/middlewares/jwtAuth.js:115) decoded
2021-02-27 01:08:11 info: (src/middlewares/jwtAuth.js:129) user found
2021-02-27 01:08:11 info: (src/controllers/billing/checkStripeCustomer.js:9)
2021-02-27 01:13:53 info: (src/middlewares/jwtAuth.js:115) decoded
2021-02-27 01:13:53 info: (src/middlewares/jwtAuth.js:129) user found
2021-02-27 01:13:53 info: (src/controllers/address.js:9)
2021-02-27 01:27:25 info: (src/middlewares/jwtAuth.js:115) decoded
2021-02-27 01:27:25 info: (src/middlewares/jwtAuth.js:129) user found
2021-02-27 01:27:25 info: (src/controllers/address.js:9)
2021-02-27 01:40:51 info: (src/middlewares/jwtAuth.js:115) decoded
2021-02-27 01:40:51 info: (src/middlewares/jwtAuth.js:129) user found
2021-02-27 01:40:51 info: (src/controllers/address.js:9)
2021-02-27 01:41:14 info: (src/middlewares/jwtAuth.js:115) decoded
2021-02-27 01:41:14 info: (src/middlewares/jwtAuth.js:129) user found
2021-02-27 01:41:14 info: (src/controllers/address.js:9)
2021-02-27 01:52:23 info: (src/middlewares/jwtAuth.js:115) decoded
2021-02-27 01:52:23 info: (src/middlewares/jwtAuth.js:129) user found
2021-02-27 01:52:23 info: (src/controllers/address.js:9)
2021-02-27 01:56:27 info: (src/middlewares/jwtAuth.js:115) decoded
2021-02-27 01:56:28 info: (src/middlewares/jwtAuth.js:129) user found
2021-02-27 01:56:28 info: (src/controllers/address.js:9)
2021-02-27 02:12:32 info: (src/middlewares/jwtAuth.js:115) decoded
2021-02-27 02:12:32 info: (src/controllers/cart.js:9) [1]
2021-02-27 02:12:32 info: (src/middlewares/jwtAuth.js:115) decoded
2021-02-27 02:12:32 info: (src/middlewares/jwtAuth.js:129) user found
2021-02-27 02:12:32 info: (src/controllers/address.js:9)
2021-02-27 02:12:32 info: (src/middlewares/jwtAuth.js:129) user found
2021-02-27 02:12:32 info: (src/controllers/billing/checkStripeCustomer.js:9)
2021-02-27 02:34:29 info: (src/middlewares/jwtAuth.js:115) decoded
2021-02-27 02:34:29 info: (src/middlewares/jwtAuth.js:129) user found
2021-02-27 02:34:29 info: (src/controllers/address.js:9)
2021-02-27 03:00:05 info: (src/middlewares/jwtAuth.js:115) decoded
2021-02-27 03:00:05 info: (src/controllers/cart.js:9) [1]
2021-02-27 03:00:05 info: (src/middlewares/jwtAuth.js:115) decoded
2021-02-27 03:00:05 info: (src/middlewares/jwtAuth.js:129) user found
2021-02-27 03:00:05 info: (src/controllers/billing/checkStripeCustomer.js:9)
2021-02-27 03:00:05 info: (src/middlewares/jwtAuth.js:129) user found
2021-02-27 03:00:05 info: (src/controllers/address.js:9)
2021-02-27 03:17:19 info: (src/controllers/cart.js:9) [1]
2021-02-27 03:17:19 info: (src/middlewares/jwtAuth.js:115) decoded
2021-02-27 03:17:19 info: (src/middlewares/jwtAuth.js:129) user found
2021-02-27 03:17:19 info: (src/controllers/address.js:9)
2021-02-27 03:17:19 info: (src/middlewares/jwtAuth.js:115) decoded
2021-02-27 03:17:19 info: (src/middlewares/jwtAuth.js:129) user found
2021-02-27 03:17:19 info: (src/controllers/billing/checkStripeCustomer.js:9)
2021-02-27 03:27:14 info: (src/controllers/cart.js:9) [1]
2021-02-27 03:27:14 info: (src/middlewares/jwtAuth.js:115) decoded
2021-02-27 03:27:14 info: (src/middlewares/jwtAuth.js:115) decoded
2021-02-27 03:27:15 info: (src/middlewares/jwtAuth.js:129) user found
2021-02-27 03:27:15 info: (src/controllers/address.js:9)
2021-02-27 03:27:15 info: (src/middlewares/jwtAuth.js:129) user found
2021-02-27 03:27:15 info: (src/controllers/billing/checkStripeCustomer.js:9)
2021-02-27 03:51:29 info: (src/controllers/cart.js:9) [1]
2021-02-27 03:51:29 info: (src/middlewares/jwtAuth.js:115) decoded
2021-02-27 03:51:29 info: (src/middlewares/jwtAuth.js:129) user found
2021-02-27 03:51:29 info: (src/controllers/billing/checkStripeCustomer.js:9)
2021-02-27 04:07:45 info: (src/middlewares/jwtAuth.js:115) decoded
2021-02-27 04:07:45 info: (src/middlewares/jwtAuth.js:129) user found
2021-02-27 04:07:45 info: (src/controllers/address.js:9)
2021-02-27 04:17:49 info: (src/middlewares/jwtAuth.js:115) decoded
2021-02-27 04:17:49 info: (src/middlewares/jwtAuth.js:129) user found
2021-02-27 04:17:49 info: (src/controllers/quotation.js:18)
2021-02-27 04:17:49 info: (src/controllers/quotation.js:47) "%20%20%20%20%20"
2021-02-27 04:17:49 info: (src/controllers/quotation.js:62) "https://maps.googleapis.com/maps/api/geocode/json?address=%20%20%20%20%20&key=AIzaSyDC3tG5_jmGoRh1kUYC0bZdxsn5Nk1UyFY"
2021-02-27 04:17:50 error: (src/controllers/quotation.js:73) {}
2021-02-27 04:23:44 info: (src/controllers/inventories.js:16) [{"id":3,"name":"skirt","brand":null,"gender":null,"size":null,"description":"Good skirt","created_at":"2021-02-18T09:42:53.923Z","updated_at":"2021-02-18T09:42:53.923Z","seller_id":null,"picture_url":"https://i.imgur.com/4eair9X.jpeg","price":10000,"sold":false},{"id":4,"name":"skirt","brand":null,"gender":null,"size":null,"description":"Good skirt","created_at":"2021-02-18T09:42:53.923Z","updated_at":"2021-02-18T09:42:53.923Z","seller_id":null,"picture_url":"https://i.imgur.com/4eair9X.jpeg","price":10000,"sold":false},{"id":5,"name":"skirt","brand":null,"gender":null,"size":null,"description":"Good skirt","created_at":"2021-02-18T09:42:53.923Z","updated_at":"2021-02-18T09:42:53.923Z","seller_id":null,"picture_url":"https://i.imgur.com/4eair9X.jpeg","price":10000,"sold":false},{"id":6,"name":"skirt","brand":null,"gender":null,"size":null,"description":"Good skirt","created_at":"2021-02-18T09:42:53.923Z","updated_at":"2021-02-18T09:42:53.923Z","seller_id":null,"picture_url":"https://i.imgur.com/4eair9X.jpeg","price":10000,"sold":false},{"id":7,"name":"skirt","brand":null,"gender":null,"size":null,"description":"Good skirt","created_at":"2021-02-18T09:42:53.923Z","updated_at":"2021-02-18T09:42:53.923Z","seller_id":null,"picture_url":"https://i.imgur.com/4eair9X.jpeg","price":10000,"sold":false},{"id":8,"name":"skirt","brand":null,"gender":null,"size":null,"description":"Good skirt","created_at":"2021-02-18T09:42:53.923Z","updated_at":"2021-02-18T09:42:53.923Z","seller_id":null,"picture_url":"https://i.imgur.com/4eair9X.jpeg","price":10000,"sold":false},{"id":9,"name":"skirt","brand":null,"gender":null,"size":null,"description":"Good skirt","created_at":"2021-02-18T09:42:53.923Z","updated_at":"2021-02-18T09:42:53.923Z","seller_id":null,"picture_url":"https://i.imgur.com/4eair9X.jpeg","price":10000,"sold":false},{"id":10,"name":"skirt","brand":null,"gender":null,"size":null,"description":"Good skirt","created_at":"2021-02-18T09:42:53.923Z","updated_at":"2021-02-18T09:42:53.923Z","seller_id":null,"picture_url":"https://i.imgur.com/4eair9X.jpeg","price":10000,"sold":false},{"id":11,"name":"skirt","brand":null,"gender":null,"size":null,"description":"Good skirt","created_at":"2021-02-18T09:42:53.923Z","updated_at":"2021-02-18T09:42:53.923Z","seller_id":null,"picture_url":"https://i.imgur.com/4eair9X.jpeg","price":10000,"sold":false},{"id":12,"name":"skirt","brand":null,"gender":null,"size":null,"description":"Good skirt","created_at":"2021-02-18T09:42:53.923Z","updated_at":"2021-02-18T09:42:53.923Z","seller_id":null,"picture_url":"https://i.imgur.com/4eair9X.jpeg","price":10000,"sold":false},{"id":13,"name":"skirt","brand":null,"gender":null,"size":null,"description":"Good skirt","created_at":"2021-02-18T09:42:53.923Z","updated_at":"2021-02-18T09:42:53.923Z","seller_id":null,"picture_url":"https://i.imgur.com/4eair9X.jpeg","price":10000,"sold":false},{"id":49,"name":"skirt","brand":null,"gender":null,"size":null,"description":"Good skirt","created_at":"2021-02-18T09:42:53.923Z","updated_at":"2021-02-18T09:42:53.923Z","seller_id":null,"picture_url":"https://i.imgur.com/4eair9X.jpeg","price":10000,"sold":false},{"id":50,"name":"skirt","brand":null,"gender":null,"size":null,"description":"Good skirt","created_at":"2021-02-18T09:42:53.923Z","updated_at":"2021-02-18T09:42:53.923Z","seller_id":null,"picture_url":"https://i.imgur.com/4eair9X.jpeg","price":10000,"sold":false},{"id":2,"name":"skirt","brand":null,"gender":null,"size":41,"description":"Good skirt","created_at":"2021-02-18T09:42:53.923Z","updated_at":"2021-02-18T09:42:53.923Z","seller_id":null,"picture_url":"https://i.imgur.com/4eair9X.jpeg","price":10000,"sold":false},{"id":1,"name":"skirt","brand":null,"gender":null,"size":42,"description":"Good skirt","created_at":"2021-02-18T09:42:53.923Z","updated_at":"2021-02-18T09:42:53.923Z","seller_id":null,"picture_url":"https://i.imgur.com/4eair9X.jpeg","price":10000,"sold":false}]
2021-02-27 04:23:55 info: (src/middlewares/jwtAuth.js:115) decoded
2021-02-27 04:23:55 info: (src/middlewares/jwtAuth.js:129) user found
2021-02-27 04:23:55 info: (src/controllers/address.js:9)
2021-02-27 04:24:01 info: (src/controllers/inventories.js:16) [{"id":3,"name":"skirt","brand":null,"gender":null,"size":null,"description":"Good skirt","created_at":"2021-02-18T09:42:53.923Z","updated_at":"2021-02-18T09:42:53.923Z","seller_id":null,"picture_url":"https://i.imgur.com/4eair9X.jpeg","price":10000,"sold":false},{"id":4,"name":"skirt","brand":null,"gender":null,"size":null,"description":"Good skirt","created_at":"2021-02-18T09:42:53.923Z","updated_at":"2021-02-18T09:42:53.923Z","seller_id":null,"picture_url":"https://i.imgur.com/4eair9X.jpeg","price":10000,"sold":false},{"id":5,"name":"skirt","brand":null,"gender":null,"size":null,"description":"Good skirt","created_at":"2021-02-18T09:42:53.923Z","updated_at":"2021-02-18T09:42:53.923Z","seller_id":null,"picture_url":"https://i.imgur.com/4eair9X.jpeg","price":10000,"sold":false},{"id":6,"name":"skirt","brand":null,"gender":null,"size":null,"description":"Good skirt","created_at":"2021-02-18T09:42:53.923Z","updated_at":"2021-02-18T09:42:53.923Z","seller_id":null,"picture_url":"https://i.imgur.com/4eair9X.jpeg","price":10000,"sold":false},{"id":7,"name":"skirt","brand":null,"gender":null,"size":null,"description":"Good skirt","created_at":"2021-02-18T09:42:53.923Z","updated_at":"2021-02-18T09:42:53.923Z","seller_id":null,"picture_url":"https://i.imgur.com/4eair9X.jpeg","price":10000,"sold":false},{"id":8,"name":"skirt","brand":null,"gender":null,"size":null,"description":"Good skirt","created_at":"2021-02-18T09:42:53.923Z","updated_at":"2021-02-18T09:42:53.923Z","seller_id":null,"picture_url":"https://i.imgur.com/4eair9X.jpeg","price":10000,"sold":false},{"id":9,"name":"skirt","brand":null,"gender":null,"size":null,"description":"Good skirt","created_at":"2021-02-18T09:42:53.923Z","updated_at":"2021-02-18T09:42:53.923Z","seller_id":null,"picture_url":"https://i.imgur.com/4eair9X.jpeg","price":10000,"sold":false},{"id":10,"name":"skirt","brand":null,"gender":null,"size":null,"description":"Good skirt","created_at":"2021-02-18T09:42:53.923Z","updated_at":"2021-02-18T09:42:53.923Z","seller_id":null,"picture_url":"https://i.imgur.com/4eair9X.jpeg","price":10000,"sold":false},{"id":11,"name":"skirt","brand":null,"gender":null,"size":null,"description":"Good skirt","created_at":"2021-02-18T09:42:53.923Z","updated_at":"2021-02-18T09:42:53.923Z","seller_id":null,"picture_url":"https://i.imgur.com/4eair9X.jpeg","price":10000,"sold":false},{"id":12,"name":"skirt","brand":null,"gender":null,"size":null,"description":"Good skirt","created_at":"2021-02-18T09:42:53.923Z","updated_at":"2021-02-18T09:42:53.923Z","seller_id":null,"picture_url":"https://i.imgur.com/4eair9X.jpeg","price":10000,"sold":false},{"id":13,"name":"skirt","brand":null,"gender":null,"size":null,"description":"Good skirt","created_at":"2021-02-18T09:42:53.923Z","updated_at":"2021-02-18T09:42:53.923Z","seller_id":null,"picture_url":"https://i.imgur.com/4eair9X.jpeg","price":10000,"sold":false},{"id":49,"name":"skirt","brand":null,"gender":null,"size":null,"description":"Good skirt","created_at":"2021-02-18T09:42:53.923Z","updated_at":"2021-02-18T09:42:53.923Z","seller_id":null,"picture_url":"https://i.imgur.com/4eair9X.jpeg","price":10000,"sold":false},{"id":50,"name":"skirt","brand":null,"gender":null,"size":null,"description":"Good skirt","created_at":"2021-02-18T09:42:53.923Z","updated_at":"2021-02-18T09:42:53.923Z","seller_id":null,"picture_url":"https://i.imgur.com/4eair9X.jpeg","price":10000,"sold":false},{"id":2,"name":"skirt","brand":null,"gender":null,"size":41,"description":"Good skirt","created_at":"2021-02-18T09:42:53.923Z","updated_at":"2021-02-18T09:42:53.923Z","seller_id":null,"picture_url":"https://i.imgur.com/4eair9X.jpeg","price":10000,"sold":false},{"id":1,"name":"skirt","brand":null,"gender":null,"size":42,"description":"Good skirt","created_at":"2021-02-18T09:42:53.923Z","updated_at":"2021-02-18T09:42:53.923Z","seller_id":null,"picture_url":"https://i.imgur.com/4eair9X.jpeg","price":10000,"sold":false}]
2021-02-27 04:24:20 info: (src/middlewares/jwtAuth.js:115) decoded
2021-02-27 04:24:21 info: (src/middlewares/jwtAuth.js:129) user found
2021-02-27 04:24:21 info: (src/controllers/address.js:9)
2021-02-27 04:24:39 info: (src/controllers/inventories.js:16) [{"id":3,"name":"skirt","brand":null,"gender":null,"size":null,"description":"Good skirt","created_at":"2021-02-18T09:42:53.923Z","updated_at":"2021-02-18T09:42:53.923Z","seller_id":null,"picture_url":"https://i.imgur.com/4eair9X.jpeg","price":10000,"sold":false},{"id":4,"name":"skirt","brand":null,"gender":null,"size":null,"description":"Good skirt","created_at":"2021-02-18T09:42:53.923Z","updated_at":"2021-02-18T09:42:53.923Z","seller_id":null,"picture_url":"https://i.imgur.com/4eair9X.jpeg","price":10000,"sold":false},{"id":5,"name":"skirt","brand":null,"gender":null,"size":null,"description":"Good skirt","created_at":"2021-02-18T09:42:53.923Z","updated_at":"2021-02-18T09:42:53.923Z","seller_id":null,"picture_url":"https://i.imgur.com/4eair9X.jpeg","price":10000,"sold":false},{"id":6,"name":"skirt","brand":null,"gender":null,"size":null,"description":"Good skirt","created_at":"2021-02-18T09:42:53.923Z","updated_at":"2021-02-18T09:42:53.923Z","seller_id":null,"picture_url":"https://i.imgur.com/4eair9X.jpeg","price":10000,"sold":false},{"id":7,"name":"skirt","brand":null,"gender":null,"size":null,"description":"Good skirt","created_at":"2021-02-18T09:42:53.923Z","updated_at":"2021-02-18T09:42:53.923Z","seller_id":null,"picture_url":"https://i.imgur.com/4eair9X.jpeg","price":10000,"sold":false},{"id":8,"name":"skirt","brand":null,"gender":null,"size":null,"description":"Good skirt","created_at":"2021-02-18T09:42:53.923Z","updated_at":"2021-02-18T09:42:53.923Z","seller_id":null,"picture_url":"https://i.imgur.com/4eair9X.jpeg","price":10000,"sold":false},{"id":9,"name":"skirt","brand":null,"gender":null,"size":null,"description":"Good skirt","created_at":"2021-02-18T09:42:53.923Z","updated_at":"2021-02-18T09:42:53.923Z","seller_id":null,"picture_url":"https://i.imgur.com/4eair9X.jpeg","price":10000,"sold":false},{"id":10,"name":"skirt","brand":null,"gender":null,"size":null,"description":"Good skirt","created_at":"2021-02-18T09:42:53.923Z","updated_at":"2021-02-18T09:42:53.923Z","seller_id":null,"picture_url":"https://i.imgur.com/4eair9X.jpeg","price":10000,"sold":false},{"id":11,"name":"skirt","brand":null,"gender":null,"size":null,"description":"Good skirt","created_at":"2021-02-18T09:42:53.923Z","updated_at":"2021-02-18T09:42:53.923Z","seller_id":null,"picture_url":"https://i.imgur.com/4eair9X.jpeg","price":10000,"sold":false},{"id":12,"name":"skirt","brand":null,"gender":null,"size":null,"description":"Good skirt","created_at":"2021-02-18T09:42:53.923Z","updated_at":"2021-02-18T09:42:53.923Z","seller_id":null,"picture_url":"https://i.imgur.com/4eair9X.jpeg","price":10000,"sold":false},{"id":13,"name":"skirt","brand":null,"gender":null,"size":null,"description":"Good skirt","created_at":"2021-02-18T09:42:53.923Z","updated_at":"2021-02-18T09:42:53.923Z","seller_id":null,"picture_url":"https://i.imgur.com/4eair9X.jpeg","price":10000,"sold":false},{"id":49,"name":"skirt","brand":null,"gender":null,"size":null,"description":"Good skirt","created_at":"2021-02-18T09:42:53.923Z","updated_at":"2021-02-18T09:42:53.923Z","seller_id":null,"picture_url":"https://i.imgur.com/4eair9X.jpeg","price":10000,"sold":false},{"id":50,"name":"skirt","brand":null,"gender":null,"size":null,"description":"Good skirt","created_at":"2021-02-18T09:42:53.923Z","updated_at":"2021-02-18T09:42:53.923Z","seller_id":null,"picture_url":"https://i.imgur.com/4eair9X.jpeg","price":10000,"sold":false},{"id":2,"name":"skirt","brand":null,"gender":null,"size":41,"description":"Good skirt","created_at":"2021-02-18T09:42:53.923Z","updated_at":"2021-02-18T09:42:53.923Z","seller_id":null,"picture_url":"https://i.imgur.com/4eair9X.jpeg","price":10000,"sold":false},{"id":1,"name":"skirt","brand":null,"gender":null,"size":42,"description":"Good skirt","created_at":"2021-02-18T09:42:53.923Z","updated_at":"2021-02-18T09:42:53.923Z","seller_id":null,"picture_url":"https://i.imgur.com/4eair9X.jpeg","price":10000,"sold":false}]
2021-02-27 04:25:08 info: (src/middlewares/jwtAuth.js:115) decoded
2021-02-27 04:25:08 info: (src/middlewares/jwtAuth.js:129) user found
2021-02-27 04:25:08 info: (src/controllers/address.js:9)
2021-02-27 04:25:12 info: (src/controllers/inventories.js:16) [{"id":3,"name":"skirt","brand":null,"gender":null,"size":null,"description":"Good skirt","created_at":"2021-02-18T09:42:53.923Z","updated_at":"2021-02-18T09:42:53.923Z","seller_id":null,"picture_url":"https://i.imgur.com/4eair9X.jpeg","price":10000,"sold":false},{"id":4,"name":"skirt","brand":null,"gender":null,"size":null,"description":"Good skirt","created_at":"2021-02-18T09:42:53.923Z","updated_at":"2021-02-18T09:42:53.923Z","seller_id":null,"picture_url":"https://i.imgur.com/4eair9X.jpeg","price":10000,"sold":false},{"id":5,"name":"skirt","brand":null,"gender":null,"size":null,"description":"Good skirt","created_at":"2021-02-18T09:42:53.923Z","updated_at":"2021-02-18T09:42:53.923Z","seller_id":null,"picture_url":"https://i.imgur.com/4eair9X.jpeg","price":10000,"sold":false},{"id":6,"name":"skirt","brand":null,"gender":null,"size":null,"description":"Good skirt","created_at":"2021-02-18T09:42:53.923Z","updated_at":"2021-02-18T09:42:53.923Z","seller_id":null,"picture_url":"https://i.imgur.com/4eair9X.jpeg","price":10000,"sold":false},{"id":7,"name":"skirt","brand":null,"gender":null,"size":null,"description":"Good skirt","created_at":"2021-02-18T09:42:53.923Z","updated_at":"2021-02-18T09:42:53.923Z","seller_id":null,"picture_url":"https://i.imgur.com/4eair9X.jpeg","price":10000,"sold":false},{"id":8,"name":"skirt","brand":null,"gender":null,"size":null,"description":"Good skirt","created_at":"2021-02-18T09:42:53.923Z","updated_at":"2021-02-18T09:42:53.923Z","seller_id":null,"picture_url":"https://i.imgur.com/4eair9X.jpeg","price":10000,"sold":false},{"id":9,"name":"skirt","brand":null,"gender":null,"size":null,"description":"Good skirt","created_at":"2021-02-18T09:42:53.923Z","updated_at":"2021-02-18T09:42:53.923Z","seller_id":null,"picture_url":"https://i.imgur.com/4eair9X.jpeg","price":10000,"sold":false},{"id":10,"name":"skirt","brand":null,"gender":null,"size":null,"description":"Good skirt","created_at":"2021-02-18T09:42:53.923Z","updated_at":"2021-02-18T09:42:53.923Z","seller_id":null,"picture_url":"https://i.imgur.com/4eair9X.jpeg","price":10000,"sold":false},{"id":11,"name":"skirt","brand":null,"gender":null,"size":null,"description":"Good skirt","created_at":"2021-02-18T09:42:53.923Z","updated_at":"2021-02-18T09:42:53.923Z","seller_id":null,"picture_url":"https://i.imgur.com/4eair9X.jpeg","price":10000,"sold":false},{"id":12,"name":"skirt","brand":null,"gender":null,"size":null,"description":"Good skirt","created_at":"2021-02-18T09:42:53.923Z","updated_at":"2021-02-18T09:42:53.923Z","seller_id":null,"picture_url":"https://i.imgur.com/4eair9X.jpeg","price":10000,"sold":false},{"id":13,"name":"skirt","brand":null,"gender":null,"size":null,"description":"Good skirt","created_at":"2021-02-18T09:42:53.923Z","updated_at":"2021-02-18T09:42:53.923Z","seller_id":null,"picture_url":"https://i.imgur.com/4eair9X.jpeg","price":10000,"sold":false},{"id":49,"name":"skirt","brand":null,"gender":null,"size":null,"description":"Good skirt","created_at":"2021-02-18T09:42:53.923Z","updated_at":"2021-02-18T09:42:53.923Z","seller_id":null,"picture_url":"https://i.imgur.com/4eair9X.jpeg","price":10000,"sold":false},{"id":50,"name":"skirt","brand":null,"gender":null,"size":null,"description":"Good skirt","created_at":"2021-02-18T09:42:53.923Z","updated_at":"2021-02-18T09:42:53.923Z","seller_id":null,"picture_url":"https://i.imgur.com/4eair9X.jpeg","price":10000,"sold":false},{"id":2,"name":"skirt","brand":null,"gender":null,"size":41,"description":"Good skirt","created_at":"2021-02-18T09:42:53.923Z","updated_at":"2021-02-18T09:42:53.923Z","seller_id":null,"picture_url":"https://i.imgur.com/4eair9X.jpeg","price":10000,"sold":false},{"id":1,"name":"skirt","brand":null,"gender":null,"size":42,"description":"Good skirt","created_at":"2021-02-18T09:42:53.923Z","updated_at":"2021-02-18T09:42:53.923Z","seller_id":null,"picture_url":"https://i.imgur.com/4eair9X.jpeg","price":10000,"sold":false}]
2021-02-27 04:25:55 info: (src/controllers/inventories.js:16) [{"id":3,"name":"skirt","brand":null,"gender":null,"size":null,"description":"Good skirt","created_at":"2021-02-18T09:42:53.923Z","updated_at":"2021-02-18T09:42:53.923Z","seller_id":null,"picture_url":"https://i.imgur.com/4eair9X.jpeg","price":10000,"sold":false},{"id":4,"name":"skirt","brand":null,"gender":null,"size":null,"description":"Good skirt","created_at":"2021-02-18T09:42:53.923Z","updated_at":"2021-02-18T09:42:53.923Z","seller_id":null,"picture_url":"https://i.imgur.com/4eair9X.jpeg","price":10000,"sold":false},{"id":5,"name":"skirt","brand":null,"gender":null,"size":null,"description":"Good skirt","created_at":"2021-02-18T09:42:53.923Z","updated_at":"2021-02-18T09:42:53.923Z","seller_id":null,"picture_url":"https://i.imgur.com/4eair9X.jpeg","price":10000,"sold":false},{"id":6,"name":"skirt","brand":null,"gender":null,"size":null,"description":"Good skirt","created_at":"2021-02-18T09:42:53.923Z","updated_at":"2021-02-18T09:42:53.923Z","seller_id":null,"picture_url":"https://i.imgur.com/4eair9X.jpeg","price":10000,"sold":false},{"id":7,"name":"skirt","brand":null,"gender":null,"size":null,"description":"Good skirt","created_at":"2021-02-18T09:42:53.923Z","updated_at":"2021-02-18T09:42:53.923Z","seller_id":null,"picture_url":"https://i.imgur.com/4eair9X.jpeg","price":10000,"sold":false},{"id":8,"name":"skirt","brand":null,"gender":null,"size":null,"description":"Good skirt","created_at":"2021-02-18T09:42:53.923Z","updated_at":"2021-02-18T09:42:53.923Z","seller_id":null,"picture_url":"https://i.imgur.com/4eair9X.jpeg","price":10000,"sold":false},{"id":9,"name":"skirt","brand":null,"gender":null,"size":null,"description":"Good skirt","created_at":"2021-02-18T09:42:53.923Z","updated_at":"2021-02-18T09:42:53.923Z","seller_id":null,"picture_url":"https://i.imgur.com/4eair9X.jpeg","price":10000,"sold":false},{"id":10,"name":"skirt","brand":null,"gender":null,"size":null,"description":"Good skirt","created_at":"2021-02-18T09:42:53.923Z","updated_at":"2021-02-18T09:42:53.923Z","seller_id":null,"picture_url":"https://i.imgur.com/4eair9X.jpeg","price":10000,"sold":false},{"id":11,"name":"skirt","brand":null,"gender":null,"size":null,"description":"Good skirt","created_at":"2021-02-18T09:42:53.923Z","updated_at":"2021-02-18T09:42:53.923Z","seller_id":null,"picture_url":"https://i.imgur.com/4eair9X.jpeg","price":10000,"sold":false},{"id":12,"name":"skirt","brand":null,"gender":null,"size":null,"description":"Good skirt","created_at":"2021-02-18T09:42:53.923Z","updated_at":"2021-02-18T09:42:53.923Z","seller_id":null,"picture_url":"https://i.imgur.com/4eair9X.jpeg","price":10000,"sold":false},{"id":13,"name":"skirt","brand":null,"gender":null,"size":null,"description":"Good skirt","created_at":"2021-02-18T09:42:53.923Z","updated_at":"2021-02-18T09:42:53.923Z","seller_id":null,"picture_url":"https://i.imgur.com/4eair9X.jpeg","price":10000,"sold":false},{"id":49,"name":"skirt","brand":null,"gender":null,"size":null,"description":"Good skirt","created_at":"2021-02-18T09:42:53.923Z","updated_at":"2021-02-18T09:42:53.923Z","seller_id":null,"picture_url":"https://i.imgur.com/4eair9X.jpeg","price":10000,"sold":false},{"id":50,"name":"skirt","brand":null,"gender":null,"size":null,"description":"Good skirt","created_at":"2021-02-18T09:42:53.923Z","updated_at":"2021-02-18T09:42:53.923Z","seller_id":null,"picture_url":"https://i.imgur.com/4eair9X.jpeg","price":10000,"sold":false},{"id":2,"name":"skirt","brand":null,"gender":null,"size":41,"description":"Good skirt","created_at":"2021-02-18T09:42:53.923Z","updated_at":"2021-02-18T09:42:53.923Z","seller_id":null,"picture_url":"https://i.imgur.com/4eair9X.jpeg","price":10000,"sold":false},{"id":1,"name":"skirt","brand":null,"gender":null,"size":42,"description":"Good skirt","created_at":"2021-02-18T09:42:53.923Z","updated_at":"2021-02-18T09:42:53.923Z","seller_id":null,"picture_url":"https://i.imgur.com/4eair9X.jpeg","price":10000,"sold":false}]
2021-02-27 04:26:01 info: (src/controllers/inventories.js:16) [{"id":3,"name":"skirt","brand":null,"gender":null,"size":null,"description":"Good skirt","created_at":"2021-02-18T09:42:53.923Z","updated_at":"2021-02-18T09:42:53.923Z","seller_id":null,"picture_url":"https://i.imgur.com/4eair9X.jpeg","price":10000,"sold":false},{"id":4,"name":"skirt","brand":null,"gender":null,"size":null,"description":"Good skirt","created_at":"2021-02-18T09:42:53.923Z","updated_at":"2021-02-18T09:42:53.923Z","seller_id":null,"picture_url":"https://i.imgur.com/4eair9X.jpeg","price":10000,"sold":false},{"id":5,"name":"skirt","brand":null,"gender":null,"size":null,"description":"Good skirt","created_at":"2021-02-18T09:42:53.923Z","updated_at":"2021-02-18T09:42:53.923Z","seller_id":null,"picture_url":"https://i.imgur.com/4eair9X.jpeg","price":10000,"sold":false},{"id":6,"name":"skirt","brand":null,"gender":null,"size":null,"description":"Good skirt","created_at":"2021-02-18T09:42:53.923Z","updated_at":"2021-02-18T09:42:53.923Z","seller_id":null,"picture_url":"https://i.imgur.com/4eair9X.jpeg","price":10000,"sold":false},{"id":7,"name":"skirt","brand":null,"gender":null,"size":null,"description":"Good skirt","created_at":"2021-02-18T09:42:53.923Z","updated_at":"2021-02-18T09:42:53.923Z","seller_id":null,"picture_url":"https://i.imgur.com/4eair9X.jpeg","price":10000,"sold":false},{"id":8,"name":"skirt","brand":null,"gender":null,"size":null,"description":"Good skirt","created_at":"2021-02-18T09:42:53.923Z","updated_at":"2021-02-18T09:42:53.923Z","seller_id":null,"picture_url":"https://i.imgur.com/4eair9X.jpeg","price":10000,"sold":false},{"id":9,"name":"skirt","brand":null,"gender":null,"size":null,"description":"Good skirt","created_at":"2021-02-18T09:42:53.923Z","updated_at":"2021-02-18T09:42:53.923Z","seller_id":null,"picture_url":"https://i.imgur.com/4eair9X.jpeg","price":10000,"sold":false},{"id":10,"name":"skirt","brand":null,"gender":null,"size":null,"description":"Good skirt","created_at":"2021-02-18T09:42:53.923Z","updated_at":"2021-02-18T09:42:53.923Z","seller_id":null,"picture_url":"https://i.imgur.com/4eair9X.jpeg","price":10000,"sold":false},{"id":11,"name":"skirt","brand":null,"gender":null,"size":null,"description":"Good skirt","created_at":"2021-02-18T09:42:53.923Z","updated_at":"2021-02-18T09:42:53.923Z","seller_id":null,"picture_url":"https://i.imgur.com/4eair9X.jpeg","price":10000,"sold":false},{"id":12,"name":"skirt","brand":null,"gender":null,"size":null,"description":"Good skirt","created_at":"2021-02-18T09:42:53.923Z","updated_at":"2021-02-18T09:42:53.923Z","seller_id":null,"picture_url":"https://i.imgur.com/4eair9X.jpeg","price":10000,"sold":false},{"id":13,"name":"skirt","brand":null,"gender":null,"size":null,"description":"Good skirt","created_at":"2021-02-18T09:42:53.923Z","updated_at":"2021-02-18T09:42:53.923Z","seller_id":null,"picture_url":"https://i.imgur.com/4eair9X.jpeg","price":10000,"sold":false},{"id":49,"name":"skirt","brand":null,"gender":null,"size":null,"description":"Good skirt","created_at":"2021-02-18T09:42:53.923Z","updated_at":"2021-02-18T09:42:53.923Z","seller_id":null,"picture_url":"https://i.imgur.com/4eair9X.jpeg","price":10000,"sold":false},{"id":50,"name":"skirt","brand":null,"gender":null,"size":null,"description":"Good skirt","created_at":"2021-02-18T09:42:53.923Z","updated_at":"2021-02-18T09:42:53.923Z","seller_id":null,"picture_url":"https://i.imgur.com/4eair9X.jpeg","price":10000,"sold":false},{"id":2,"name":"skirt","brand":null,"gender":null,"size":41,"description":"Good skirt","created_at":"2021-02-18T09:42:53.923Z","updated_at":"2021-02-18T09:42:53.923Z","seller_id":null,"picture_url":"https://i.imgur.com/4eair9X.jpeg","price":10000,"sold":false},{"id":1,"name":"skirt","brand":null,"gender":null,"size":42,"description":"Good skirt","created_at":"2021-02-18T09:42:53.923Z","updated_at":"2021-02-18T09:42:53.923Z","seller_id":null,"picture_url":"https://i.imgur.com/4eair9X.jpeg","price":10000,"sold":false}]
2021-02-27 04:26:11 info: (src/middlewares/jwtAuth.js:115) decoded
2021-02-27 04:26:11 info: (src/controllers/cart.js:9) [1]
2021-02-27 04:26:11 info: (src/middlewares/jwtAuth.js:115) decoded
2021-02-27 04:26:11 info: (src/middlewares/jwtAuth.js:129) user found
2021-02-27 04:26:11 info: (src/controllers/address.js:9)
2021-02-27 04:26:11 info: (src/middlewares/jwtAuth.js:129) user found
2021-02-27 04:26:11 info: (src/controllers/billing/checkStripeCustomer.js:9)
2021-02-27 04:26:18 info: (src/controllers/cart.js:9) [1]
2021-02-27 04:26:18 info: (src/middlewares/jwtAuth.js:115) decoded
2021-02-27 04:26:18 info: (src/middlewares/jwtAuth.js:129) user found
2021-02-27 04:26:18 info: (src/controllers/address.js:9)
2021-02-27 04:26:18 info: (src/middlewares/jwtAuth.js:115) decoded
2021-02-27 04:26:18 info: (src/middlewares/jwtAuth.js:129) user found
2021-02-27 04:26:18 info: (src/controllers/billing/checkStripeCustomer.js:9)
2021-02-27 04:26:26 info: (src/controllers/cart.js:9) [1]
2021-02-27 04:26:26 info: (src/middlewares/jwtAuth.js:115) decoded
2021-02-27 04:26:26 info: (src/middlewares/jwtAuth.js:129) user found
2021-02-27 04:26:26 info: (src/controllers/address.js:9)
2021-02-27 04:26:26 info: (src/middlewares/jwtAuth.js:115) decoded
2021-02-27 04:26:26 info: (src/middlewares/jwtAuth.js:129) user found
2021-02-27 04:26:26 info: (src/controllers/billing/checkStripeCustomer.js:9)
2021-02-27 04:26:46 info: (src/middlewares/jwtAuth.js:115) decoded
2021-02-27 04:26:46 info: (src/middlewares/jwtAuth.js:129) user found
2021-02-27 04:26:46 info: (src/controllers/address.js:9)
2021-02-27 04:26:48 info: (src/controllers/cart.js:9) [1]
2021-02-27 04:26:48 info: (src/middlewares/jwtAuth.js:115) decoded
2021-02-27 04:26:48 info: (src/middlewares/jwtAuth.js:115) decoded
2021-02-27 04:26:48 info: (src/middlewares/jwtAuth.js:129) user found
2021-02-27 04:26:48 info: (src/controllers/billing/checkStripeCustomer.js:9)
2021-02-27 04:26:48 info: (src/middlewares/jwtAuth.js:129) user found
2021-02-27 04:26:48 info: (src/controllers/address.js:9)
2021-02-27 04:29:29 info: (src/controllers/inventories.js:16) [{"id":3,"name":"skirt","brand":null,"gender":null,"size":null,"description":"Good skirt","created_at":"2021-02-18T09:42:53.923Z","updated_at":"2021-02-18T09:42:53.923Z","seller_id":null,"picture_url":"https://i.imgur.com/4eair9X.jpeg","price":10000,"sold":false},{"id":4,"name":"skirt","brand":null,"gender":null,"size":null,"description":"Good skirt","created_at":"2021-02-18T09:42:53.923Z","updated_at":"2021-02-18T09:42:53.923Z","seller_id":null,"picture_url":"https://i.imgur.com/4eair9X.jpeg","price":10000,"sold":false},{"id":5,"name":"skirt","brand":null,"gender":null,"size":null,"description":"Good skirt","created_at":"2021-02-18T09:42:53.923Z","updated_at":"2021-02-18T09:42:53.923Z","seller_id":null,"picture_url":"https://i.imgur.com/4eair9X.jpeg","price":10000,"sold":false},{"id":6,"name":"skirt","brand":null,"gender":null,"size":null,"description":"Good skirt","created_at":"2021-02-18T09:42:53.923Z","updated_at":"2021-02-18T09:42:53.923Z","seller_id":null,"picture_url":"https://i.imgur.com/4eair9X.jpeg","price":10000,"sold":false},{"id":7,"name":"skirt","brand":null,"gender":null,"size":null,"description":"Good skirt","created_at":"2021-02-18T09:42:53.923Z","updated_at":"2021-02-18T09:42:53.923Z","seller_id":null,"picture_url":"https://i.imgur.com/4eair9X.jpeg","price":10000,"sold":false},{"id":8,"name":"skirt","brand":null,"gender":null,"size":null,"description":"Good skirt","created_at":"2021-02-18T09:42:53.923Z","updated_at":"2021-02-18T09:42:53.923Z","seller_id":null,"picture_url":"https://i.imgur.com/4eair9X.jpeg","price":10000,"sold":false},{"id":9,"name":"skirt","brand":null,"gender":null,"size":null,"description":"Good skirt","created_at":"2021-02-18T09:42:53.923Z","updated_at":"2021-02-18T09:42:53.923Z","seller_id":null,"picture_url":"https://i.imgur.com/4eair9X.jpeg","price":10000,"sold":false},{"id":10,"name":"skirt","brand":null,"gender":null,"size":null,"description":"Good skirt","created_at":"2021-02-18T09:42:53.923Z","updated_at":"2021-02-18T09:42:53.923Z","seller_id":null,"picture_url":"https://i.imgur.com/4eair9X.jpeg","price":10000,"sold":false},{"id":11,"name":"skirt","brand":null,"gender":null,"size":null,"description":"Good skirt","created_at":"2021-02-18T09:42:53.923Z","updated_at":"2021-02-18T09:42:53.923Z","seller_id":null,"picture_url":"https://i.imgur.com/4eair9X.jpeg","price":10000,"sold":false},{"id":12,"name":"skirt","brand":null,"gender":null,"size":null,"description":"Good skirt","created_at":"2021-02-18T09:42:53.923Z","updated_at":"2021-02-18T09:42:53.923Z","seller_id":null,"picture_url":"https://i.imgur.com/4eair9X.jpeg","price":10000,"sold":false},{"id":13,"name":"skirt","brand":null,"gender":null,"size":null,"description":"Good skirt","created_at":"2021-02-18T09:42:53.923Z","updated_at":"2021-02-18T09:42:53.923Z","seller_id":null,"picture_url":"https://i.imgur.com/4eair9X.jpeg","price":10000,"sold":false},{"id":49,"name":"skirt","brand":null,"gender":null,"size":null,"description":"Good skirt","created_at":"2021-02-18T09:42:53.923Z","updated_at":"2021-02-18T09:42:53.923Z","seller_id":null,"picture_url":"https://i.imgur.com/4eair9X.jpeg","price":10000,"sold":false},{"id":50,"name":"skirt","brand":null,"gender":null,"size":null,"description":"Good skirt","created_at":"2021-02-18T09:42:53.923Z","updated_at":"2021-02-18T09:42:53.923Z","seller_id":null,"picture_url":"https://i.imgur.com/4eair9X.jpeg","price":10000,"sold":false},{"id":2,"name":"skirt","brand":null,"gender":null,"size":41,"description":"Good skirt","created_at":"2021-02-18T09:42:53.923Z","updated_at":"2021-02-18T09:42:53.923Z","seller_id":null,"picture_url":"https://i.imgur.com/4eair9X.jpeg","price":10000,"sold":false},{"id":1,"name":"skirt","brand":null,"gender":null,"size":42,"description":"Good skirt","created_at":"2021-02-18T09:42:53.923Z","updated_at":"2021-02-18T09:42:53.923Z","seller_id":null,"picture_url":"https://i.imgur.com/4eair9X.jpeg","price":10000,"sold":false}]
2021-02-27 04:29:38 error: (src/utils/q.js:24) No rows found
2021-02-27 04:30:56 info: (src/middlewares/jwtAuth.js:115) decoded
2021-02-27 04:30:57 info: (src/middlewares/jwtAuth.js:115) decoded
2021-02-27 04:30:57 info: (src/middlewares/jwtAuth.js:129) user found
2021-02-27 04:30:57 info: (src/controllers/address.js:9)
2021-02-27 04:30:57 error: (src/utils/q.js:24) No rows found
2021-02-27 04:30:57 info: (src/middlewares/jwtAuth.js:129) user found
2021-02-27 04:30:57 info: (src/controllers/billing/checkStripeCustomer.js:9)
2021-02-27 04:32:04 info: (src/controllers/inventories.js:16) [{"id":3,"name":"skirt","brand":null,"gender":null,"size":null,"description":"Good skirt","created_at":"2021-02-18T09:42:53.923Z","updated_at":"2021-02-18T09:42:53.923Z","seller_id":null,"picture_url":"https://i.imgur.com/4eair9X.jpeg","price":10000,"sold":false},{"id":4,"name":"skirt","brand":null,"gender":null,"size":null,"description":"Good skirt","created_at":"2021-02-18T09:42:53.923Z","updated_at":"2021-02-18T09:42:53.923Z","seller_id":null,"picture_url":"https://i.imgur.com/4eair9X.jpeg","price":10000,"sold":false},{"id":5,"name":"skirt","brand":null,"gender":null,"size":null,"description":"Good skirt","created_at":"2021-02-18T09:42:53.923Z","updated_at":"2021-02-18T09:42:53.923Z","seller_id":null,"picture_url":"https://i.imgur.com/4eair9X.jpeg","price":10000,"sold":false},{"id":6,"name":"skirt","brand":null,"gender":null,"size":null,"description":"Good skirt","created_at":"2021-02-18T09:42:53.923Z","updated_at":"2021-02-18T09:42:53.923Z","seller_id":null,"picture_url":"https://i.imgur.com/4eair9X.jpeg","price":10000,"sold":false},{"id":7,"name":"skirt","brand":null,"gender":null,"size":null,"description":"Good skirt","created_at":"2021-02-18T09:42:53.923Z","updated_at":"2021-02-18T09:42:53.923Z","seller_id":null,"picture_url":"https://i.imgur.com/4eair9X.jpeg","price":10000,"sold":false},{"id":8,"name":"skirt","brand":null,"gender":null,"size":null,"description":"Good skirt","created_at":"2021-02-18T09:42:53.923Z","updated_at":"2021-02-18T09:42:53.923Z","seller_id":null,"picture_url":"https://i.imgur.com/4eair9X.jpeg","price":10000,"sold":false},{"id":9,"name":"skirt","brand":null,"gender":null,"size":null,"description":"Good skirt","created_at":"2021-02-18T09:42:53.923Z","updated_at":"2021-02-18T09:42:53.923Z","seller_id":null,"picture_url":"https://i.imgur.com/4eair9X.jpeg","price":10000,"sold":false},{"id":10,"name":"skirt","brand":null,"gender":null,"size":null,"description":"Good skirt","created_at":"2021-02-18T09:42:53.923Z","updated_at":"2021-02-18T09:42:53.923Z","seller_id":null,"picture_url":"https://i.imgur.com/4eair9X.jpeg","price":10000,"sold":false},{"id":11,"name":"skirt","brand":null,"gender":null,"size":null,"description":"Good skirt","created_at":"2021-02-18T09:42:53.923Z","updated_at":"2021-02-18T09:42:53.923Z","seller_id":null,"picture_url":"https://i.imgur.com/4eair9X.jpeg","price":10000,"sold":false},{"id":12,"name":"skirt","brand":null,"gender":null,"size":null,"description":"Good skirt","created_at":"2021-02-18T09:42:53.923Z","updated_at":"2021-02-18T09:42:53.923Z","seller_id":null,"picture_url":"https://i.imgur.com/4eair9X.jpeg","price":10000,"sold":false},{"id":13,"name":"skirt","brand":null,"gender":null,"size":null,"description":"Good skirt","created_at":"2021-02-18T09:42:53.923Z","updated_at":"2021-02-18T09:42:53.923Z","seller_id":null,"picture_url":"https://i.imgur.com/4eair9X.jpeg","price":10000,"sold":false},{"id":49,"name":"skirt","brand":null,"gender":null,"size":null,"description":"Good skirt","created_at":"2021-02-18T09:42:53.923Z","updated_at":"2021-02-18T09:42:53.923Z","seller_id":null,"picture_url":"https://i.imgur.com/4eair9X.jpeg","price":10000,"sold":false},{"id":50,"name":"skirt","brand":null,"gender":null,"size":null,"description":"Good skirt","created_at":"2021-02-18T09:42:53.923Z","updated_at":"2021-02-18T09:42:53.923Z","seller_id":null,"picture_url":"https://i.imgur.com/4eair9X.jpeg","price":10000,"sold":false},{"id":2,"name":"skirt","brand":null,"gender":null,"size":41,"description":"Good skirt","created_at":"2021-02-18T09:42:53.923Z","updated_at":"2021-02-18T09:42:53.923Z","seller_id":null,"picture_url":"https://i.imgur.com/4eair9X.jpeg","price":10000,"sold":false},{"id":1,"name":"skirt","brand":null,"gender":null,"size":42,"description":"Good skirt","created_at":"2021-02-18T09:42:53.923Z","updated_at":"2021-02-18T09:42:53.923Z","seller_id":null,"picture_url":"https://i.imgur.com/4eair9X.jpeg","price":10000,"sold":false}]
2021-02-27 04:32:11 info: (src/controllers/cart.js:9) [1]
2021-02-27 04:32:11 info: (src/middlewares/jwtAuth.js:115) decoded
2021-02-27 04:32:11 info: (src/middlewares/jwtAuth.js:129) user found
2021-02-27 04:32:11 info: (src/controllers/address.js:9)
2021-02-27 04:32:13 info: (src/controllers/inventories.js:16) [{"id":3,"name":"skirt","brand":null,"gender":null,"size":null,"description":"Good skirt","created_at":"2021-02-18T09:42:53.923Z","updated_at":"2021-02-18T09:42:53.923Z","seller_id":null,"picture_url":"https://i.imgur.com/4eair9X.jpeg","price":10000,"sold":false},{"id":4,"name":"skirt","brand":null,"gender":null,"size":null,"description":"Good skirt","created_at":"2021-02-18T09:42:53.923Z","updated_at":"2021-02-18T09:42:53.923Z","seller_id":null,"picture_url":"https://i.imgur.com/4eair9X.jpeg","price":10000,"sold":false},{"id":5,"name":"skirt","brand":null,"gender":null,"size":null,"description":"Good skirt","created_at":"2021-02-18T09:42:53.923Z","updated_at":"2021-02-18T09:42:53.923Z","seller_id":null,"picture_url":"https://i.imgur.com/4eair9X.jpeg","price":10000,"sold":false},{"id":6,"name":"skirt","brand":null,"gender":null,"size":null,"description":"Good skirt","created_at":"2021-02-18T09:42:53.923Z","updated_at":"2021-02-18T09:42:53.923Z","seller_id":null,"picture_url":"https://i.imgur.com/4eair9X.jpeg","price":10000,"sold":false},{"id":7,"name":"skirt","brand":null,"gender":null,"size":null,"description":"Good skirt","created_at":"2021-02-18T09:42:53.923Z","updated_at":"2021-02-18T09:42:53.923Z","seller_id":null,"picture_url":"https://i.imgur.com/4eair9X.jpeg","price":10000,"sold":false},{"id":8,"name":"skirt","brand":null,"gender":null,"size":null,"description":"Good skirt","created_at":"2021-02-18T09:42:53.923Z","updated_at":"2021-02-18T09:42:53.923Z","seller_id":null,"picture_url":"https://i.imgur.com/4eair9X.jpeg","price":10000,"sold":false},{"id":9,"name":"skirt","brand":null,"gender":null,"size":null,"description":"Good skirt","created_at":"2021-02-18T09:42:53.923Z","updated_at":"2021-02-18T09:42:53.923Z","seller_id":null,"picture_url":"https://i.imgur.com/4eair9X.jpeg","price":10000,"sold":false},{"id":10,"name":"skirt","brand":null,"gender":null,"size":null,"description":"Good skirt","created_at":"2021-02-18T09:42:53.923Z","updated_at":"2021-02-18T09:42:53.923Z","seller_id":null,"picture_url":"https://i.imgur.com/4eair9X.jpeg","price":10000,"sold":false},{"id":11,"name":"skirt","brand":null,"gender":null,"size":null,"description":"Good skirt","created_at":"2021-02-18T09:42:53.923Z","updated_at":"2021-02-18T09:42:53.923Z","seller_id":null,"picture_url":"https://i.imgur.com/4eair9X.jpeg","price":10000,"sold":false},{"id":12,"name":"skirt","brand":null,"gender":null,"size":null,"description":"Good skirt","created_at":"2021-02-18T09:42:53.923Z","updated_at":"2021-02-18T09:42:53.923Z","seller_id":null,"picture_url":"https://i.imgur.com/4eair9X.jpeg","price":10000,"sold":false},{"id":13,"name":"skirt","brand":null,"gender":null,"size":null,"description":"Good skirt","created_at":"2021-02-18T09:42:53.923Z","updated_at":"2021-02-18T09:42:53.923Z","seller_id":null,"picture_url":"https://i.imgur.com/4eair9X.jpeg","price":10000,"sold":false},{"id":49,"name":"skirt","brand":null,"gender":null,"size":null,"description":"Good skirt","created_at":"2021-02-18T09:42:53.923Z","updated_at":"2021-02-18T09:42:53.923Z","seller_id":null,"picture_url":"https://i.imgur.com/4eair9X.jpeg","price":10000,"sold":false},{"id":50,"name":"skirt","brand":null,"gender":null,"size":null,"description":"Good skirt","created_at":"2021-02-18T09:42:53.923Z","updated_at":"2021-02-18T09:42:53.923Z","seller_id":null,"picture_url":"https://i.imgur.com/4eair9X.jpeg","price":10000,"sold":false},{"id":2,"name":"skirt","brand":null,"gender":null,"size":41,"description":"Good skirt","created_at":"2021-02-18T09:42:53.923Z","updated_at":"2021-02-18T09:42:53.923Z","seller_id":null,"picture_url":"https://i.imgur.com/4eair9X.jpeg","price":10000,"sold":false},{"id":1,"name":"skirt","brand":null,"gender":null,"size":42,"description":"Good skirt","created_at":"2021-02-18T09:42:53.923Z","updated_at":"2021-02-18T09:42:53.923Z","seller_id":null,"picture_url":"https://i.imgur.com/4eair9X.jpeg","price":10000,"sold":false}]
2021-02-27 04:32:16 info: (src/middlewares/jwtAuth.js:115) decoded
2021-02-27 04:32:16 error: (src/utils/q.js:24) No rows found
2021-02-27 04:32:16 info: (src/middlewares/jwtAuth.js:129) user found
2021-02-27 04:32:16 info: (src/controllers/address.js:9)
2021-02-27 04:32:19 info: (src/controllers/inventories.js:16) [{"id":3,"name":"skirt","brand":null,"gender":null,"size":null,"description":"Good skirt","created_at":"2021-02-18T09:42:53.923Z","updated_at":"2021-02-18T09:42:53.923Z","seller_id":null,"picture_url":"https://i.imgur.com/4eair9X.jpeg","price":10000,"sold":false},{"id":4,"name":"skirt","brand":null,"gender":null,"size":null,"description":"Good skirt","created_at":"2021-02-18T09:42:53.923Z","updated_at":"2021-02-18T09:42:53.923Z","seller_id":null,"picture_url":"https://i.imgur.com/4eair9X.jpeg","price":10000,"sold":false},{"id":5,"name":"skirt","brand":null,"gender":null,"size":null,"description":"Good skirt","created_at":"2021-02-18T09:42:53.923Z","updated_at":"2021-02-18T09:42:53.923Z","seller_id":null,"picture_url":"https://i.imgur.com/4eair9X.jpeg","price":10000,"sold":false},{"id":6,"name":"skirt","brand":null,"gender":null,"size":null,"description":"Good skirt","created_at":"2021-02-18T09:42:53.923Z","updated_at":"2021-02-18T09:42:53.923Z","seller_id":null,"picture_url":"https://i.imgur.com/4eair9X.jpeg","price":10000,"sold":false},{"id":7,"name":"skirt","brand":null,"gender":null,"size":null,"description":"Good skirt","created_at":"2021-02-18T09:42:53.923Z","updated_at":"2021-02-18T09:42:53.923Z","seller_id":null,"picture_url":"https://i.imgur.com/4eair9X.jpeg","price":10000,"sold":false},{"id":8,"name":"skirt","brand":null,"gender":null,"size":null,"description":"Good skirt","created_at":"2021-02-18T09:42:53.923Z","updated_at":"2021-02-18T09:42:53.923Z","seller_id":null,"picture_url":"https://i.imgur.com/4eair9X.jpeg","price":10000,"sold":false},{"id":9,"name":"skirt","brand":null,"gender":null,"size":null,"description":"Good skirt","created_at":"2021-02-18T09:42:53.923Z","updated_at":"2021-02-18T09:42:53.923Z","seller_id":null,"picture_url":"https://i.imgur.com/4eair9X.jpeg","price":10000,"sold":false},{"id":10,"name":"skirt","brand":null,"gender":null,"size":null,"description":"Good skirt","created_at":"2021-02-18T09:42:53.923Z","updated_at":"2021-02-18T09:42:53.923Z","seller_id":null,"picture_url":"https://i.imgur.com/4eair9X.jpeg","price":10000,"sold":false},{"id":11,"name":"skirt","brand":null,"gender":null,"size":null,"description":"Good skirt","created_at":"2021-02-18T09:42:53.923Z","updated_at":"2021-02-18T09:42:53.923Z","seller_id":null,"picture_url":"https://i.imgur.com/4eair9X.jpeg","price":10000,"sold":false},{"id":12,"name":"skirt","brand":null,"gender":null,"size":null,"description":"Good skirt","created_at":"2021-02-18T09:42:53.923Z","updated_at":"2021-02-18T09:42:53.923Z","seller_id":null,"picture_url":"https://i.imgur.com/4eair9X.jpeg","price":10000,"sold":false},{"id":13,"name":"skirt","brand":null,"gender":null,"size":null,"description":"Good skirt","created_at":"2021-02-18T09:42:53.923Z","updated_at":"2021-02-18T09:42:53.923Z","seller_id":null,"picture_url":"https://i.imgur.com/4eair9X.jpeg","price":10000,"sold":false},{"id":49,"name":"skirt","brand":null,"gender":null,"size":null,"description":"Good skirt","created_at":"2021-02-18T09:42:53.923Z","updated_at":"2021-02-18T09:42:53.923Z","seller_id":null,"picture_url":"https://i.imgur.com/4eair9X.jpeg","price":10000,"sold":false},{"id":50,"name":"skirt","brand":null,"gender":null,"size":null,"description":"Good skirt","created_at":"2021-02-18T09:42:53.923Z","updated_at":"2021-02-18T09:42:53.923Z","seller_id":null,"picture_url":"https://i.imgur.com/4eair9X.jpeg","price":10000,"sold":false},{"id":2,"name":"skirt","brand":null,"gender":null,"size":41,"description":"Good skirt","created_at":"2021-02-18T09:42:53.923Z","updated_at":"2021-02-18T09:42:53.923Z","seller_id":null,"picture_url":"https://i.imgur.com/4eair9X.jpeg","price":10000,"sold":false},{"id":1,"name":"skirt","brand":null,"gender":null,"size":42,"description":"Good skirt","created_at":"2021-02-18T09:42:53.923Z","updated_at":"2021-02-18T09:42:53.923Z","seller_id":null,"picture_url":"https://i.imgur.com/4eair9X.jpeg","price":10000,"sold":false}]
2021-02-27 04:34:17 info: (src/middlewares/jwtAuth.js:115) decoded
2021-02-27 04:34:17 error: (src/utils/q.js:24) No rows found
2021-02-27 04:34:17 info: (src/middlewares/jwtAuth.js:129) user found
2021-02-27 04:34:17 info: (src/controllers/address.js:9)
2021-02-27 04:34:17 info: (src/middlewares/jwtAuth.js:115) decoded
2021-02-27 04:34:17 info: (src/middlewares/jwtAuth.js:129) user found
2021-02-27 04:34:17 info: (src/controllers/billing/checkStripeCustomer.js:9)
2021-02-27 04:34:25 info: (src/controllers/inventories.js:16) [{"id":3,"name":"skirt","brand":null,"gender":null,"size":null,"description":"Good skirt","created_at":"2021-02-18T09:42:53.923Z","updated_at":"2021-02-18T09:42:53.923Z","seller_id":null,"picture_url":"https://i.imgur.com/4eair9X.jpeg","price":10000,"sold":false},{"id":4,"name":"skirt","brand":null,"gender":null,"size":null,"description":"Good skirt","created_at":"2021-02-18T09:42:53.923Z","updated_at":"2021-02-18T09:42:53.923Z","seller_id":null,"picture_url":"https://i.imgur.com/4eair9X.jpeg","price":10000,"sold":false},{"id":5,"name":"skirt","brand":null,"gender":null,"size":null,"description":"Good skirt","created_at":"2021-02-18T09:42:53.923Z","updated_at":"2021-02-18T09:42:53.923Z","seller_id":null,"picture_url":"https://i.imgur.com/4eair9X.jpeg","price":10000,"sold":false},{"id":6,"name":"skirt","brand":null,"gender":null,"size":null,"description":"Good skirt","created_at":"2021-02-18T09:42:53.923Z","updated_at":"2021-02-18T09:42:53.923Z","seller_id":null,"picture_url":"https://i.imgur.com/4eair9X.jpeg","price":10000,"sold":false},{"id":7,"name":"skirt","brand":null,"gender":null,"size":null,"description":"Good skirt","created_at":"2021-02-18T09:42:53.923Z","updated_at":"2021-02-18T09:42:53.923Z","seller_id":null,"picture_url":"https://i.imgur.com/4eair9X.jpeg","price":10000,"sold":false},{"id":8,"name":"skirt","brand":null,"gender":null,"size":null,"description":"Good skirt","created_at":"2021-02-18T09:42:53.923Z","updated_at":"2021-02-18T09:42:53.923Z","seller_id":null,"picture_url":"https://i.imgur.com/4eair9X.jpeg","price":10000,"sold":false},{"id":9,"name":"skirt","brand":null,"gender":null,"size":null,"description":"Good skirt","created_at":"2021-02-18T09:42:53.923Z","updated_at":"2021-02-18T09:42:53.923Z","seller_id":null,"picture_url":"https://i.imgur.com/4eair9X.jpeg","price":10000,"sold":false},{"id":10,"name":"skirt","brand":null,"gender":null,"size":null,"description":"Good skirt","created_at":"2021-02-18T09:42:53.923Z","updated_at":"2021-02-18T09:42:53.923Z","seller_id":null,"picture_url":"https://i.imgur.com/4eair9X.jpeg","price":10000,"sold":false},{"id":11,"name":"skirt","brand":null,"gender":null,"size":null,"description":"Good skirt","created_at":"2021-02-18T09:42:53.923Z","updated_at":"2021-02-18T09:42:53.923Z","seller_id":null,"picture_url":"https://i.imgur.com/4eair9X.jpeg","price":10000,"sold":false},{"id":12,"name":"skirt","brand":null,"gender":null,"size":null,"description":"Good skirt","created_at":"2021-02-18T09:42:53.923Z","updated_at":"2021-02-18T09:42:53.923Z","seller_id":null,"picture_url":"https://i.imgur.com/4eair9X.jpeg","price":10000,"sold":false},{"id":13,"name":"skirt","brand":null,"gender":null,"size":null,"description":"Good skirt","created_at":"2021-02-18T09:42:53.923Z","updated_at":"2021-02-18T09:42:53.923Z","seller_id":null,"picture_url":"https://i.imgur.com/4eair9X.jpeg","price":10000,"sold":false},{"id":49,"name":"skirt","brand":null,"gender":null,"size":null,"description":"Good skirt","created_at":"2021-02-18T09:42:53.923Z","updated_at":"2021-02-18T09:42:53.923Z","seller_id":null,"picture_url":"https://i.imgur.com/4eair9X.jpeg","price":10000,"sold":false},{"id":50,"name":"skirt","brand":null,"gender":null,"size":null,"description":"Good skirt","created_at":"2021-02-18T09:42:53.923Z","updated_at":"2021-02-18T09:42:53.923Z","seller_id":null,"picture_url":"https://i.imgur.com/4eair9X.jpeg","price":10000,"sold":false},{"id":2,"name":"skirt","brand":null,"gender":null,"size":41,"description":"Good skirt","created_at":"2021-02-18T09:42:53.923Z","updated_at":"2021-02-18T09:42:53.923Z","seller_id":null,"picture_url":"https://i.imgur.com/4eair9X.jpeg","price":10000,"sold":false},{"id":1,"name":"skirt","brand":null,"gender":null,"size":42,"description":"Good skirt","created_at":"2021-02-18T09:42:53.923Z","updated_at":"2021-02-18T09:42:53.923Z","seller_id":null,"picture_url":"https://i.imgur.com/4eair9X.jpeg","price":10000,"sold":false}]
2021-02-27 04:34:30 info: (src/controllers/cart.js:9) [1]
2021-02-27 04:34:30 info: (src/middlewares/jwtAuth.js:115) decoded
2021-02-27 04:34:30 info: (src/middlewares/jwtAuth.js:129) user found
2021-02-27 04:34:30 info: (src/controllers/address.js:9)
2021-02-27 04:34:30 info: (src/middlewares/jwtAuth.js:115) decoded
2021-02-27 04:34:30 info: (src/middlewares/jwtAuth.js:129) user found
2021-02-27 04:34:30 info: (src/controllers/billing/checkStripeCustomer.js:9)
2021-02-27 04:35:02 info: (src/controllers/inventories.js:16) [{"id":3,"name":"skirt","brand":null,"gender":null,"size":null,"description":"Good skirt","created_at":"2021-02-18T09:42:53.923Z","updated_at":"2021-02-18T09:42:53.923Z","seller_id":null,"picture_url":"https://i.imgur.com/4eair9X.jpeg","price":10000,"sold":false},{"id":4,"name":"skirt","brand":null,"gender":null,"size":null,"description":"Good skirt","created_at":"2021-02-18T09:42:53.923Z","updated_at":"2021-02-18T09:42:53.923Z","seller_id":null,"picture_url":"https://i.imgur.com/4eair9X.jpeg","price":10000,"sold":false},{"id":5,"name":"skirt","brand":null,"gender":null,"size":null,"description":"Good skirt","created_at":"2021-02-18T09:42:53.923Z","updated_at":"2021-02-18T09:42:53.923Z","seller_id":null,"picture_url":"https://i.imgur.com/4eair9X.jpeg","price":10000,"sold":false},{"id":6,"name":"skirt","brand":null,"gender":null,"size":null,"description":"Good skirt","created_at":"2021-02-18T09:42:53.923Z","updated_at":"2021-02-18T09:42:53.923Z","seller_id":null,"picture_url":"https://i.imgur.com/4eair9X.jpeg","price":10000,"sold":false},{"id":7,"name":"skirt","brand":null,"gender":null,"size":null,"description":"Good skirt","created_at":"2021-02-18T09:42:53.923Z","updated_at":"2021-02-18T09:42:53.923Z","seller_id":null,"picture_url":"https://i.imgur.com/4eair9X.jpeg","price":10000,"sold":false},{"id":8,"name":"skirt","brand":null,"gender":null,"size":null,"description":"Good skirt","created_at":"2021-02-18T09:42:53.923Z","updated_at":"2021-02-18T09:42:53.923Z","seller_id":null,"picture_url":"https://i.imgur.com/4eair9X.jpeg","price":10000,"sold":false},{"id":9,"name":"skirt","brand":null,"gender":null,"size":null,"description":"Good skirt","created_at":"2021-02-18T09:42:53.923Z","updated_at":"2021-02-18T09:42:53.923Z","seller_id":null,"picture_url":"https://i.imgur.com/4eair9X.jpeg","price":10000,"sold":false},{"id":10,"name":"skirt","brand":null,"gender":null,"size":null,"description":"Good skirt","created_at":"2021-02-18T09:42:53.923Z","updated_at":"2021-02-18T09:42:53.923Z","seller_id":null,"picture_url":"https://i.imgur.com/4eair9X.jpeg","price":10000,"sold":false},{"id":11,"name":"skirt","brand":null,"gender":null,"size":null,"description":"Good skirt","created_at":"2021-02-18T09:42:53.923Z","updated_at":"2021-02-18T09:42:53.923Z","seller_id":null,"picture_url":"https://i.imgur.com/4eair9X.jpeg","price":10000,"sold":false},{"id":12,"name":"skirt","brand":null,"gender":null,"size":null,"description":"Good skirt","created_at":"2021-02-18T09:42:53.923Z","updated_at":"2021-02-18T09:42:53.923Z","seller_id":null,"picture_url":"https://i.imgur.com/4eair9X.jpeg","price":10000,"sold":false},{"id":13,"name":"skirt","brand":null,"gender":null,"size":null,"description":"Good skirt","created_at":"2021-02-18T09:42:53.923Z","updated_at":"2021-02-18T09:42:53.923Z","seller_id":null,"picture_url":"https://i.imgur.com/4eair9X.jpeg","price":10000,"sold":false},{"id":49,"name":"skirt","brand":null,"gender":null,"size":null,"description":"Good skirt","created_at":"2021-02-18T09:42:53.923Z","updated_at":"2021-02-18T09:42:53.923Z","seller_id":null,"picture_url":"https://i.imgur.com/4eair9X.jpeg","price":10000,"sold":false},{"id":50,"name":"skirt","brand":null,"gender":null,"size":null,"description":"Good skirt","created_at":"2021-02-18T09:42:53.923Z","updated_at":"2021-02-18T09:42:53.923Z","seller_id":null,"picture_url":"https://i.imgur.com/4eair9X.jpeg","price":10000,"sold":false},{"id":2,"name":"skirt","brand":null,"gender":null,"size":41,"description":"Good skirt","created_at":"2021-02-18T09:42:53.923Z","updated_at":"2021-02-18T09:42:53.923Z","seller_id":null,"picture_url":"https://i.imgur.com/4eair9X.jpeg","price":10000,"sold":false},{"id":1,"name":"skirt","brand":null,"gender":null,"size":42,"description":"Good skirt","created_at":"2021-02-18T09:42:53.923Z","updated_at":"2021-02-18T09:42:53.923Z","seller_id":null,"picture_url":"https://i.imgur.com/4eair9X.jpeg","price":10000,"sold":false}]
2021-02-27 04:35:27 info: (src/controllers/inventories.js:16) [{"id":3,"name":"skirt","brand":null,"gender":null,"size":null,"description":"Good skirt","created_at":"2021-02-18T09:42:53.923Z","updated_at":"2021-02-18T09:42:53.923Z","seller_id":null,"picture_url":"https://i.imgur.com/4eair9X.jpeg","price":10000,"sold":false},{"id":4,"name":"skirt","brand":null,"gender":null,"size":null,"description":"Good skirt","created_at":"2021-02-18T09:42:53.923Z","updated_at":"2021-02-18T09:42:53.923Z","seller_id":null,"picture_url":"https://i.imgur.com/4eair9X.jpeg","price":10000,"sold":false},{"id":5,"name":"skirt","brand":null,"gender":null,"size":null,"description":"Good skirt","created_at":"2021-02-18T09:42:53.923Z","updated_at":"2021-02-18T09:42:53.923Z","seller_id":null,"picture_url":"https://i.imgur.com/4eair9X.jpeg","price":10000,"sold":false},{"id":6,"name":"skirt","brand":null,"gender":null,"size":null,"description":"Good skirt","created_at":"2021-02-18T09:42:53.923Z","updated_at":"2021-02-18T09:42:53.923Z","seller_id":null,"picture_url":"https://i.imgur.com/4eair9X.jpeg","price":10000,"sold":false},{"id":7,"name":"skirt","brand":null,"gender":null,"size":null,"description":"Good skirt","created_at":"2021-02-18T09:42:53.923Z","updated_at":"2021-02-18T09:42:53.923Z","seller_id":null,"picture_url":"https://i.imgur.com/4eair9X.jpeg","price":10000,"sold":false},{"id":8,"name":"skirt","brand":null,"gender":null,"size":null,"description":"Good skirt","created_at":"2021-02-18T09:42:53.923Z","updated_at":"2021-02-18T09:42:53.923Z","seller_id":null,"picture_url":"https://i.imgur.com/4eair9X.jpeg","price":10000,"sold":false},{"id":9,"name":"skirt","brand":null,"gender":null,"size":null,"description":"Good skirt","created_at":"2021-02-18T09:42:53.923Z","updated_at":"2021-02-18T09:42:53.923Z","seller_id":null,"picture_url":"https://i.imgur.com/4eair9X.jpeg","price":10000,"sold":false},{"id":10,"name":"skirt","brand":null,"gender":null,"size":null,"description":"Good skirt","created_at":"2021-02-18T09:42:53.923Z","updated_at":"2021-02-18T09:42:53.923Z","seller_id":null,"picture_url":"https://i.imgur.com/4eair9X.jpeg","price":10000,"sold":false},{"id":11,"name":"skirt","brand":null,"gender":null,"size":null,"description":"Good skirt","created_at":"2021-02-18T09:42:53.923Z","updated_at":"2021-02-18T09:42:53.923Z","seller_id":null,"picture_url":"https://i.imgur.com/4eair9X.jpeg","price":10000,"sold":false},{"id":12,"name":"skirt","brand":null,"gender":null,"size":null,"description":"Good skirt","created_at":"2021-02-18T09:42:53.923Z","updated_at":"2021-02-18T09:42:53.923Z","seller_id":null,"picture_url":"https://i.imgur.com/4eair9X.jpeg","price":10000,"sold":false},{"id":13,"name":"skirt","brand":null,"gender":null,"size":null,"description":"Good skirt","created_at":"2021-02-18T09:42:53.923Z","updated_at":"2021-02-18T09:42:53.923Z","seller_id":null,"picture_url":"https://i.imgur.com/4eair9X.jpeg","price":10000,"sold":false},{"id":49,"name":"skirt","brand":null,"gender":null,"size":null,"description":"Good skirt","created_at":"2021-02-18T09:42:53.923Z","updated_at":"2021-02-18T09:42:53.923Z","seller_id":null,"picture_url":"https://i.imgur.com/4eair9X.jpeg","price":10000,"sold":false},{"id":50,"name":"skirt","brand":null,"gender":null,"size":null,"description":"Good skirt","created_at":"2021-02-18T09:42:53.923Z","updated_at":"2021-02-18T09:42:53.923Z","seller_id":null,"picture_url":"https://i.imgur.com/4eair9X.jpeg","price":10000,"sold":false},{"id":2,"name":"skirt","brand":null,"gender":null,"size":41,"description":"Good skirt","created_at":"2021-02-18T09:42:53.923Z","updated_at":"2021-02-18T09:42:53.923Z","seller_id":null,"picture_url":"https://i.imgur.com/4eair9X.jpeg","price":10000,"sold":false},{"id":1,"name":"skirt","brand":null,"gender":null,"size":42,"description":"Good skirt","created_at":"2021-02-18T09:42:53.923Z","updated_at":"2021-02-18T09:42:53.923Z","seller_id":null,"picture_url":"https://i.imgur.com/4eair9X.jpeg","price":10000,"sold":false}]
2021-02-27 04:35:40 info: (src/middlewares/jwtAuth.js:115) decoded
2021-02-27 04:35:40 info: (src/middlewares/jwtAuth.js:115) decoded
2021-02-27 04:35:40 error: (src/utils/q.js:24) No rows found
2021-02-27 04:35:40 info: (src/middlewares/jwtAuth.js:129) user found
2021-02-27 04:35:40 info: (src/controllers/address.js:9)
2021-02-27 04:35:40 info: (src/middlewares/jwtAuth.js:129) user found
2021-02-27 04:35:40 info: (src/controllers/billing/checkStripeCustomer.js:9)
2021-02-27 04:35:43 info: (src/controllers/cart.js:9) [1]
2021-02-27 04:35:43 info: (src/middlewares/jwtAuth.js:115) decoded
2021-02-27 04:35:43 info: (src/middlewares/jwtAuth.js:129) user found
2021-02-27 04:35:43 info: (src/controllers/address.js:9)
2021-02-27 04:35:46 info: (src/controllers/inventories.js:16) [{"id":3,"name":"skirt","brand":null,"gender":null,"size":null,"description":"Good skirt","created_at":"2021-02-18T09:42:53.923Z","updated_at":"2021-02-18T09:42:53.923Z","seller_id":null,"picture_url":"https://i.imgur.com/4eair9X.jpeg","price":10000,"sold":false},{"id":4,"name":"skirt","brand":null,"gender":null,"size":null,"description":"Good skirt","created_at":"2021-02-18T09:42:53.923Z","updated_at":"2021-02-18T09:42:53.923Z","seller_id":null,"picture_url":"https://i.imgur.com/4eair9X.jpeg","price":10000,"sold":false},{"id":5,"name":"skirt","brand":null,"gender":null,"size":null,"description":"Good skirt","created_at":"2021-02-18T09:42:53.923Z","updated_at":"2021-02-18T09:42:53.923Z","seller_id":null,"picture_url":"https://i.imgur.com/4eair9X.jpeg","price":10000,"sold":false},{"id":6,"name":"skirt","brand":null,"gender":null,"size":null,"description":"Good skirt","created_at":"2021-02-18T09:42:53.923Z","updated_at":"2021-02-18T09:42:53.923Z","seller_id":null,"picture_url":"https://i.imgur.com/4eair9X.jpeg","price":10000,"sold":false},{"id":7,"name":"skirt","brand":null,"gender":null,"size":null,"description":"Good skirt","created_at":"2021-02-18T09:42:53.923Z","updated_at":"2021-02-18T09:42:53.923Z","seller_id":null,"picture_url":"https://i.imgur.com/4eair9X.jpeg","price":10000,"sold":false},{"id":8,"name":"skirt","brand":null,"gender":null,"size":null,"description":"Good skirt","created_at":"2021-02-18T09:42:53.923Z","updated_at":"2021-02-18T09:42:53.923Z","seller_id":null,"picture_url":"https://i.imgur.com/4eair9X.jpeg","price":10000,"sold":false},{"id":9,"name":"skirt","brand":null,"gender":null,"size":null,"description":"Good skirt","created_at":"2021-02-18T09:42:53.923Z","updated_at":"2021-02-18T09:42:53.923Z","seller_id":null,"picture_url":"https://i.imgur.com/4eair9X.jpeg","price":10000,"sold":false},{"id":10,"name":"skirt","brand":null,"gender":null,"size":null,"description":"Good skirt","created_at":"2021-02-18T09:42:53.923Z","updated_at":"2021-02-18T09:42:53.923Z","seller_id":null,"picture_url":"https://i.imgur.com/4eair9X.jpeg","price":10000,"sold":false},{"id":11,"name":"skirt","brand":null,"gender":null,"size":null,"description":"Good skirt","created_at":"2021-02-18T09:42:53.923Z","updated_at":"2021-02-18T09:42:53.923Z","seller_id":null,"picture_url":"https://i.imgur.com/4eair9X.jpeg","price":10000,"sold":false},{"id":12,"name":"skirt","brand":null,"gender":null,"size":null,"description":"Good skirt","created_at":"2021-02-18T09:42:53.923Z","updated_at":"2021-02-18T09:42:53.923Z","seller_id":null,"picture_url":"https://i.imgur.com/4eair9X.jpeg","price":10000,"sold":false},{"id":13,"name":"skirt","brand":null,"gender":null,"size":null,"description":"Good skirt","created_at":"2021-02-18T09:42:53.923Z","updated_at":"2021-02-18T09:42:53.923Z","seller_id":null,"picture_url":"https://i.imgur.com/4eair9X.jpeg","price":10000,"sold":false},{"id":49,"name":"skirt","brand":null,"gender":null,"size":null,"description":"Good skirt","created_at":"2021-02-18T09:42:53.923Z","updated_at":"2021-02-18T09:42:53.923Z","seller_id":null,"picture_url":"https://i.imgur.com/4eair9X.jpeg","price":10000,"sold":false},{"id":50,"name":"skirt","brand":null,"gender":null,"size":null,"description":"Good skirt","created_at":"2021-02-18T09:42:53.923Z","updated_at":"2021-02-18T09:42:53.923Z","seller_id":null,"picture_url":"https://i.imgur.com/4eair9X.jpeg","price":10000,"sold":false},{"id":2,"name":"skirt","brand":null,"gender":null,"size":41,"description":"Good skirt","created_at":"2021-02-18T09:42:53.923Z","updated_at":"2021-02-18T09:42:53.923Z","seller_id":null,"picture_url":"https://i.imgur.com/4eair9X.jpeg","price":10000,"sold":false},{"id":1,"name":"skirt","brand":null,"gender":null,"size":42,"description":"Good skirt","created_at":"2021-02-18T09:42:53.923Z","updated_at":"2021-02-18T09:42:53.923Z","seller_id":null,"picture_url":"https://i.imgur.com/4eair9X.jpeg","price":10000,"sold":false}]
2021-02-27 04:36:28 info: (src/controllers/inventories.js:16) [{"id":3,"name":"skirt","brand":null,"gender":null,"size":null,"description":"Good skirt","created_at":"2021-02-18T09:42:53.923Z","updated_at":"2021-02-18T09:42:53.923Z","seller_id":null,"picture_url":"https://i.imgur.com/4eair9X.jpeg","price":10000,"sold":false},{"id":4,"name":"skirt","brand":null,"gender":null,"size":null,"description":"Good skirt","created_at":"2021-02-18T09:42:53.923Z","updated_at":"2021-02-18T09:42:53.923Z","seller_id":null,"picture_url":"https://i.imgur.com/4eair9X.jpeg","price":10000,"sold":false},{"id":5,"name":"skirt","brand":null,"gender":null,"size":null,"description":"Good skirt","created_at":"2021-02-18T09:42:53.923Z","updated_at":"2021-02-18T09:42:53.923Z","seller_id":null,"picture_url":"https://i.imgur.com/4eair9X.jpeg","price":10000,"sold":false},{"id":6,"name":"skirt","brand":null,"gender":null,"size":null,"description":"Good skirt","created_at":"2021-02-18T09:42:53.923Z","updated_at":"2021-02-18T09:42:53.923Z","seller_id":null,"picture_url":"https://i.imgur.com/4eair9X.jpeg","price":10000,"sold":false},{"id":7,"name":"skirt","brand":null,"gender":null,"size":null,"description":"Good skirt","created_at":"2021-02-18T09:42:53.923Z","updated_at":"2021-02-18T09:42:53.923Z","seller_id":null,"picture_url":"https://i.imgur.com/4eair9X.jpeg","price":10000,"sold":false},{"id":8,"name":"skirt","brand":null,"gender":null,"size":null,"description":"Good skirt","created_at":"2021-02-18T09:42:53.923Z","updated_at":"2021-02-18T09:42:53.923Z","seller_id":null,"picture_url":"https://i.imgur.com/4eair9X.jpeg","price":10000,"sold":false},{"id":9,"name":"skirt","brand":null,"gender":null,"size":null,"description":"Good skirt","created_at":"2021-02-18T09:42:53.923Z","updated_at":"2021-02-18T09:42:53.923Z","seller_id":null,"picture_url":"https://i.imgur.com/4eair9X.jpeg","price":10000,"sold":false},{"id":10,"name":"skirt","brand":null,"gender":null,"size":null,"description":"Good skirt","created_at":"2021-02-18T09:42:53.923Z","updated_at":"2021-02-18T09:42:53.923Z","seller_id":null,"picture_url":"https://i.imgur.com/4eair9X.jpeg","price":10000,"sold":false},{"id":11,"name":"skirt","brand":null,"gender":null,"size":null,"description":"Good skirt","created_at":"2021-02-18T09:42:53.923Z","updated_at":"2021-02-18T09:42:53.923Z","seller_id":null,"picture_url":"https://i.imgur.com/4eair9X.jpeg","price":10000,"sold":false},{"id":12,"name":"skirt","brand":null,"gender":null,"size":null,"description":"Good skirt","created_at":"2021-02-18T09:42:53.923Z","updated_at":"2021-02-18T09:42:53.923Z","seller_id":null,"picture_url":"https://i.imgur.com/4eair9X.jpeg","price":10000,"sold":false},{"id":13,"name":"skirt","brand":null,"gender":null,"size":null,"description":"Good skirt","created_at":"2021-02-18T09:42:53.923Z","updated_at":"2021-02-18T09:42:53.923Z","seller_id":null,"picture_url":"https://i.imgur.com/4eair9X.jpeg","price":10000,"sold":false},{"id":49,"name":"skirt","brand":null,"gender":null,"size":null,"description":"Good skirt","created_at":"2021-02-18T09:42:53.923Z","updated_at":"2021-02-18T09:42:53.923Z","seller_id":null,"picture_url":"https://i.imgur.com/4eair9X.jpeg","price":10000,"sold":false},{"id":50,"name":"skirt","brand":null,"gender":null,"size":null,"description":"Good skirt","created_at":"2021-02-18T09:42:53.923Z","updated_at":"2021-02-18T09:42:53.923Z","seller_id":null,"picture_url":"https://i.imgur.com/4eair9X.jpeg","price":10000,"sold":false},{"id":2,"name":"skirt","brand":null,"gender":null,"size":41,"description":"Good skirt","created_at":"2021-02-18T09:42:53.923Z","updated_at":"2021-02-18T09:42:53.923Z","seller_id":null,"picture_url":"https://i.imgur.com/4eair9X.jpeg","price":10000,"sold":false},{"id":1,"name":"skirt","brand":null,"gender":null,"size":42,"description":"Good skirt","created_at":"2021-02-18T09:42:53.923Z","updated_at":"2021-02-18T09:42:53.923Z","seller_id":null,"picture_url":"https://i.imgur.com/4eair9X.jpeg","price":10000,"sold":false}]
2021-02-27 04:36:35 info: (src/middlewares/jwtAuth.js:115) decoded
2021-02-27 04:36:35 error: (src/utils/q.js:24) No rows found
2021-02-27 04:36:35 info: (src/middlewares/jwtAuth.js:129) user found
2021-02-27 04:36:35 info: (src/controllers/address.js:9)
2021-02-27 04:36:35 info: (src/middlewares/jwtAuth.js:115) decoded
2021-02-27 04:36:35 info: (src/middlewares/jwtAuth.js:129) user found
2021-02-27 04:36:35 info: (src/controllers/billing/checkStripeCustomer.js:9)
2021-02-27 04:36:36 info: (src/controllers/inventories.js:16) [{"id":3,"name":"skirt","brand":null,"gender":null,"size":null,"description":"Good skirt","created_at":"2021-02-18T09:42:53.923Z","updated_at":"2021-02-18T09:42:53.923Z","seller_id":null,"picture_url":"https://i.imgur.com/4eair9X.jpeg","price":10000,"sold":false},{"id":4,"name":"skirt","brand":null,"gender":null,"size":null,"description":"Good skirt","created_at":"2021-02-18T09:42:53.923Z","updated_at":"2021-02-18T09:42:53.923Z","seller_id":null,"picture_url":"https://i.imgur.com/4eair9X.jpeg","price":10000,"sold":false},{"id":5,"name":"skirt","brand":null,"gender":null,"size":null,"description":"Good skirt","created_at":"2021-02-18T09:42:53.923Z","updated_at":"2021-02-18T09:42:53.923Z","seller_id":null,"picture_url":"https://i.imgur.com/4eair9X.jpeg","price":10000,"sold":false},{"id":6,"name":"skirt","brand":null,"gender":null,"size":null,"description":"Good skirt","created_at":"2021-02-18T09:42:53.923Z","updated_at":"2021-02-18T09:42:53.923Z","seller_id":null,"picture_url":"https://i.imgur.com/4eair9X.jpeg","price":10000,"sold":false},{"id":7,"name":"skirt","brand":null,"gender":null,"size":null,"description":"Good skirt","created_at":"2021-02-18T09:42:53.923Z","updated_at":"2021-02-18T09:42:53.923Z","seller_id":null,"picture_url":"https://i.imgur.com/4eair9X.jpeg","price":10000,"sold":false},{"id":8,"name":"skirt","brand":null,"gender":null,"size":null,"description":"Good skirt","created_at":"2021-02-18T09:42:53.923Z","updated_at":"2021-02-18T09:42:53.923Z","seller_id":null,"picture_url":"https://i.imgur.com/4eair9X.jpeg","price":10000,"sold":false},{"id":9,"name":"skirt","brand":null,"gender":null,"size":null,"description":"Good skirt","created_at":"2021-02-18T09:42:53.923Z","updated_at":"2021-02-18T09:42:53.923Z","seller_id":null,"picture_url":"https://i.imgur.com/4eair9X.jpeg","price":10000,"sold":false},{"id":10,"name":"skirt","brand":null,"gender":null,"size":null,"description":"Good skirt","created_at":"2021-02-18T09:42:53.923Z","updated_at":"2021-02-18T09:42:53.923Z","seller_id":null,"picture_url":"https://i.imgur.com/4eair9X.jpeg","price":10000,"sold":false},{"id":11,"name":"skirt","brand":null,"gender":null,"size":null,"description":"Good skirt","created_at":"2021-02-18T09:42:53.923Z","updated_at":"2021-02-18T09:42:53.923Z","seller_id":null,"picture_url":"https://i.imgur.com/4eair9X.jpeg","price":10000,"sold":false},{"id":12,"name":"skirt","brand":null,"gender":null,"size":null,"description":"Good skirt","created_at":"2021-02-18T09:42:53.923Z","updated_at":"2021-02-18T09:42:53.923Z","seller_id":null,"picture_url":"https://i.imgur.com/4eair9X.jpeg","price":10000,"sold":false},{"id":13,"name":"skirt","brand":null,"gender":null,"size":null,"description":"Good skirt","created_at":"2021-02-18T09:42:53.923Z","updated_at":"2021-02-18T09:42:53.923Z","seller_id":null,"picture_url":"https://i.imgur.com/4eair9X.jpeg","price":10000,"sold":false},{"id":49,"name":"skirt","brand":null,"gender":null,"size":null,"description":"Good skirt","created_at":"2021-02-18T09:42:53.923Z","updated_at":"2021-02-18T09:42:53.923Z","seller_id":null,"picture_url":"https://i.imgur.com/4eair9X.jpeg","price":10000,"sold":false},{"id":50,"name":"skirt","brand":null,"gender":null,"size":null,"description":"Good skirt","created_at":"2021-02-18T09:42:53.923Z","updated_at":"2021-02-18T09:42:53.923Z","seller_id":null,"picture_url":"https://i.imgur.com/4eair9X.jpeg","price":10000,"sold":false},{"id":2,"name":"skirt","brand":null,"gender":null,"size":41,"description":"Good skirt","created_at":"2021-02-18T09:42:53.923Z","updated_at":"2021-02-18T09:42:53.923Z","seller_id":null,"picture_url":"https://i.imgur.com/4eair9X.jpeg","price":10000,"sold":false},{"id":1,"name":"skirt","brand":null,"gender":null,"size":42,"description":"Good skirt","created_at":"2021-02-18T09:42:53.923Z","updated_at":"2021-02-18T09:42:53.923Z","seller_id":null,"picture_url":"https://i.imgur.com/4eair9X.jpeg","price":10000,"sold":false}]
